<?xml version="1.0" encoding="UTF-8"?>
<!-- Generated by org.testng.reporters.JUnitReportReporter -->
<testsuite hostname="DESKTOP-ILPKCNS" failures="0" tests="1" name="base.Test1" time="4.985" errors="0" timestamp="2023-12-01T12:25:15 IST" skipped="0">
  <testcase classname="base.Test1" name="FacebookTest" time="4.985"/>
  <system-out/>
</testsuite> <!-- base.Test1 -->
