<?xml version="1.0" encoding="UTF-8"?>
<!-- Generated by org.testng.reporters.JUnitReportReporter -->
<testsuite hostname="DESKTOP-ILPKCNS" failures="0" tests="1" name="base.ATest1" time="17.853" errors="0" timestamp="2023-12-04T12:17:57 IST" skipped="0">
  <testcase classname="base.ATest1" name="FacebookTest" time="17.853"/>
  <system-out/>
</testsuite> <!-- base.ATest1 -->
