<?xml version="1.0" encoding="UTF-8"?>
<!-- Generated by org.testng.reporters.JUnitReportReporter -->
<testsuite hostname="DESKTOP-ILPKCNS" failures="0" tests="1" name="base.readDataXLJenkins" time="1.523" errors="0" timestamp="2023-12-04T12:24:24 IST" skipped="0">
  <testcase classname="base.readDataXLJenkins" name="vtigerxl" time="1.523"/>
  <system-out/>
</testsuite> <!-- base.readDataXLJenkins -->
