<?xml version="1.0" encoding="UTF-8"?>
<!-- Generated by org.testng.reporters.JUnitReportReporter -->
<testsuite hostname="DESKTOP-ILPKCNS" failures="0" tests="2" name="base.execution1" time="9.900" errors="0" timestamp="2023-12-04T13:06:31 IST" skipped="0">
  <testcase classname="base.execution1" name="Zomato" time="4.635"/>
  <system-out/>
  <testcase classname="base.execution1" name="Swiggy" time="5.265"/>
  <system-out/>
</testsuite> <!-- base.execution1 -->
