<?xml version="1.0" encoding="UTF-8"?>
<!-- Generated by org.testng.reporters.JUnitReportReporter -->
<testsuite hostname="DESKTOP-ILPKCNS" failures="0" tests="1" name="base.readDataJenkins" time="10.847" errors="0" timestamp="2023-12-04T12:23:57 IST" skipped="0">
  <testcase classname="base.readDataJenkins" name="vtigercrm" time="10.847"/>
  <system-out/>
</testsuite> <!-- base.readDataJenkins -->
